./badluck/badluck.git
./codebase/c.git
./codebase/cpp.git
./codebase/devcpp.git
./codebase/eclipse.git
./codebase/freebasic.git
./codebase/makefiles.git
./codebase/vb6.git
./codebase/vc6.git
./codebase/vsnet.git
./drawings.git
./ebooks.git
./loseplace/losebox.git
./loseplace/loseplace.git
./loseplace/thinapp.git
./nightgun/nightgun.git
./profiles/avatars.git
./profiles/babebase.git
./profiles/firefox.git
./profiles/gm-scripts.git
./profiles/homebase.git
./scripts/batch.git
./scripts/libmyplace-perl.git
./scripts/logo.git
./scripts/lua.git
./scripts/perl.git
./scripts/sh.git
./scripts/wscript.git
./texts/notes.git
./texts/texts.git
./texts/webpages.git
./texts/www.git
./usys/sysbuilder.git
./usys/toolbox.git
./usys/usys.git
./usys/xrdos.git
./utils.git
./vcsplace/github-sync.git
./vcsplace/gsbridge.git
./vcsplace/gsvn-bundle.git
./vcsplace/reposman.git
./vcsplace/ws.git
./webdev/css.git
./webdev/htmlscripts.git
./webdev/templates.git
./websaver/websaver2.git
